e:\desktop\library\library\debug\vc141.pdb
e:\desktop\library\library\debug\vc141.idb
e:\desktop\library\library\debug\test.obj
e:\desktop\library\library\debug\person.obj
e:\desktop\library\library\debug\musiccds.obj
e:\desktop\library\library\debug\movies.obj
e:\desktop\library\library\debug\magazines.obj
e:\desktop\library\library\debug\item.obj
e:\desktop\library\library\debug\dvds.obj
e:\desktop\library\library\debug\books.obj
e:\desktop\library\library\debug\blurays.obj
e:\desktop\library\library\debug\itemlist.obj
e:\desktop\library\debug\library.exe
e:\desktop\library\debug\library.ilk
e:\desktop\library\debug\library.pdb
e:\desktop\library\library\debug\library.tlog\cl.command.1.tlog
e:\desktop\library\library\debug\library.tlog\cl.read.1.tlog
e:\desktop\library\library\debug\library.tlog\cl.write.1.tlog
e:\desktop\library\library\debug\library.tlog\link.command.1.tlog
e:\desktop\library\library\debug\library.tlog\link.read.1.tlog
e:\desktop\library\library\debug\library.tlog\link.write.1.tlog
